<?xml version="1.0" encoding="UTF-8"?>
<testsuite xmlns:xsi="http://www.w3.org/2001/XMLSchema-instance" xsi:noNamespaceSchemaLocation="https://maven.apache.org/surefire/maven-surefire-plugin/xsd/surefire-test-report-3.0.xsd" version="3.0" name="com.prabhakar.MathUtilsTest" time="0.031" tests="3" errors="0" skipped="0" failures="0">
  <properties>
[...]
</properties>
  <testcase name="testAdd" classname="com.prabhakar.MathUtilsTest" time="0.011">
    <system-out><![CDATA[Before All
Before Each
After each
]]></system-out>
  </testcase>
  <testcase name="testDivide" classname="com.prabhakar.MathUtilsTest" time="0.002">
    <system-out><![CDATA[Before Each
After each
]]></system-out>
  </testcase>
  <testcase name="testSquare" classname="com.prabhakar.MathUtilsTest" time="0.001">
    <system-out><![CDATA[Before Each
After each
]]></system-out>
  </testcase>
</testsuite>